<?xml version="1.0" encoding="UTF-8"?>
<!-- Generated by org.testng.reporters.JUnitXMLReporter -->
<testsuite ignored="0" hostname="DESKTOP-G6IBDA0" failures="0" tests="5" name="Login" time="19.574" errors="0" timestamp="2024-11-13T14:09:14 EET">
  <testcase classname="testCases.TC002_LoginTest" name="invalidLogin" time="2.564"/>
  <testcase classname="testCases.TC002_LoginTest" name="invalidLogin" time="1.506"/>
  <testcase classname="testCases.TC002_LoginTest" name="invalidLogin" time="1.546"/>
  <testcase classname="testCases.TC002_LoginTest" name="invalidLogin" time="2.873"/>
  <testcase classname="testCases.TC002_LoginTest" name="invalidLogin" time="2.106"/>
</testsuite> <!-- Login -->
