<?xml version="1.0" encoding="UTF-8"?>
<testng-results ignored="0" total="1" passed="1" failed="0" skipped="0">
  <reporter-output>
  </reporter-output>
  <suite started-at="2024-11-16T14:42:56 EET" name="Suite" finished-at="2024-11-16T14:43:11 EET" duration-ms="14879">
    <groups>
    </groups>
    <test started-at="2024-11-16T14:42:56 EET" name="Register" finished-at="2024-11-16T14:43:11 EET" duration-ms="14879">
      <class name="testCases.TC006_FeaturedProducts">
        <test-method is-config="true" signature="setUp(java.lang.String,java.lang.String)[pri:0, instance:testCases.TC006_FeaturedProducts@293d0107]" started-at="2024-11-16T14:42:57 EET" name="setUp" finished-at="2024-11-16T14:43:07 EET" duration-ms="9742" status="PASS">
          <params>
            <param index="0">
              <value>
                <![CDATA[Windows]]>
              </value>
            </param>
            <param index="1">
              <value>
                <![CDATA[chrome]]>
              </value>
            </param>
          </params>
          <reporter-output>
          </reporter-output>
        </test-method> <!-- setUp -->
        <test-method signature="AddFeaturedProductToCompare()[pri:2, instance:testCases.TC006_FeaturedProducts@293d0107]" started-at="2024-11-16T14:43:07 EET" name="AddFeaturedProductToCompare" finished-at="2024-11-16T14:43:10 EET" duration-ms="3628" status="PASS">
          <reporter-output>
          </reporter-output>
        </test-method> <!-- AddFeaturedProductToCompare -->
        <test-method is-config="true" signature="TearDown()[pri:0, instance:testCases.TC006_FeaturedProducts@293d0107]" started-at="2024-11-16T14:43:10 EET" name="TearDown" finished-at="2024-11-16T14:43:11 EET" duration-ms="823" status="PASS">
          <reporter-output>
          </reporter-output>
        </test-method> <!-- TearDown -->
      </class> <!-- testCases.TC006_FeaturedProducts -->
    </test> <!-- Register -->
  </suite> <!-- Suite -->
</testng-results>
